\BOOKMARK [1][-]{section.1}{Indledning}{}% 1
\BOOKMARK [2][-]{subsection.1.1}{Kravspecifikation}{section.1}% 2
\BOOKMARK [2][-]{subsection.1.2}{Problemformulering}{section.1}% 3
\BOOKMARK [2][-]{subsection.1.3}{Projektafgr\346nsning}{section.1}% 4
\BOOKMARK [2][-]{subsection.1.4}{Tidsplan}{section.1}% 5
\BOOKMARK [1][-]{section.2}{Hardware}{}% 6
\BOOKMARK [2][-]{subsection.2.1}{Accellerometer}{section.2}% 7
\BOOKMARK [2][-]{subsection.2.2}{Lap sensor}{section.2}% 8
\BOOKMARK [2][-]{subsection.2.3}{Tachometer}{section.2}% 9
\BOOKMARK [2][-]{subsection.2.4}{Bremse}{section.2}% 10
\BOOKMARK [2][-]{subsection.2.5}{Elektromagnet}{section.2}% 11
\BOOKMARK [1][-]{section.3}{Software}{}% 12
\BOOKMARK [2][-]{subsection.3.1}{Generel struktur}{section.3}% 13
\BOOKMARK [2][-]{subsection.3.2}{Protokol}{section.3}% 14
\BOOKMARK [2][-]{subsection.3.3}{Eksempler\(sensor\)}{section.3}% 15
\BOOKMARK [3][-]{subsubsection.3.3.1}{Tachometer}{subsection.3.3}% 16
\BOOKMARK [3][-]{subsubsection.3.3.2}{Lap sensor}{subsection.3.3}% 17
\BOOKMARK [2][-]{subsection.3.4}{Hastighedskontrol}{section.3}% 18
\BOOKMARK [2][-]{subsection.3.5}{AI}{section.3}% 19
\BOOKMARK [2][-]{subsection.3.6}{GUI}{section.3}% 20
\BOOKMARK [1][-]{section.4}{Test/Resultater}{}% 21
\BOOKMARK [1][-]{section.5}{Diskussion}{}% 22
\BOOKMARK [2][-]{subsection.5.1}{Fejlkilder}{section.5}% 23
\BOOKMARK [1][-]{section.6}{Konklusion}{}% 24
\BOOKMARK [1][-]{section.7}{Litteraturliste}{}% 25
\BOOKMARK [1][-]{section.8}{Bilag}{}% 26
